Using pre-set license
Built from '2020.3/release' branch; Version is '2020.3.1f1 (77a89f25062f) revision 7841951'; Using compiler version '192528614'; Build Type 'Release'
OS: 'Windows 10 Home Single Language; OS build 19041.985; Version 2004; 64bit' Language: 'tr' Physical Memory: 16255 MB
BatchMode: 1, IsHumanControllingUs: 0, StartBugReporterOnCrash: 0, Is64bit: 1, IsPro: 0

 COMMAND LINE ARGUMENTS:
C:\Program Files\Unity\Editor\Unity.exe
-adb2
-batchMode
-noUpm
-name
AssetImportWorker0
-projectPath
C:/UnityRepos/Unity3D/ProjectBoost
-logFile
Logs/AssetImportWorker0.log
-srvPort
51234
Successfully changed project path to: C:/UnityRepos/Unity3D/ProjectBoost
C:/UnityRepos/Unity3D/ProjectBoost
Using Asset Import Pipeline V2.
Refreshing native plugins compatible for Editor in 25.96 ms, found 0 plugins.
Preloading 0 native plugins for Editor in 0.00 ms.
Initialize engine version: 2020.3.1f1 (77a89f25062f)
[Subsystems] Discovering subsystems at path C:/Program Files/Unity/Editor/Data/Resources/UnitySubsystems
[Subsystems] Discovering subsystems at path C:/UnityRepos/Unity3D/ProjectBoost/Assets
GfxDevice: creating device client; threaded=0
Direct3D:
    Version:  Direct3D 11.0 [level 11.1]
    Renderer: NVIDIA GeForce GTX 1050 (ID=0x1c8d)
    Vendor:   
    VRAM:     4019 MB
    Driver:   26.21.14.4614
Initialize mono
Mono path[0] = 'C:/Program Files/Unity/Editor/Data/Managed'
Mono path[1] = 'C:/Program Files/Unity/Editor/Data/MonoBleedingEdge/lib/mono/unityjit'
Mono config path = 'C:/Program Files/Unity/Editor/Data/MonoBleedingEdge/etc'
Using monoOptions --debugger-agent=transport=dt_socket,embedding=1,server=y,suspend=n,address=127.0.0.1:56368
Begin MonoManager ReloadAssembly
Registering precompiled unity dll's ...
Register platform support module: C:/Program Files/Unity/Editor/Data/PlaybackEngines/WindowsStandaloneSupport/UnityEditor.WindowsStandalone.Extensions.dll
Registered in 0.001697 seconds.
Native extension for WindowsStandalone target not found
Refreshing native plugins compatible for Editor in 26.06 ms, found 0 plugins.
Preloading 0 native plugins for Editor in 0.00 ms.
Invoked RoslynAnalysisRunner static constructor.
RoslynAnalysisRunner will not be running.
RoslynAnalysisRunner has terminated.
Mono: successfully reloaded assembly
- Completed reload, in  1.625 seconds
Platform modules already initialized, skipping
Registering precompiled user dll's ...
Registered in 0.000608 seconds.
Begin MonoManager ReloadAssembly
Native extension for WindowsStandalone target not found
Refreshing native plugins compatible for Editor in 0.19 ms, found 0 plugins.
Preloading 0 native plugins for Editor in 0.00 ms.
Invoked RoslynAnalysisRunner static constructor.
RoslynAnalysisRunner will not be running.
RoslynAnalysisRunner has terminated.
Mono: successfully reloaded assembly
- Completed reload, in  0.932 seconds
Platform modules already initialized, skipping
========================================================================
Worker process is ready to serve import requests
Launched and connected shader compiler UnityShaderCompiler.exe after 0.06 seconds
Refreshing native plugins compatible for Editor in 0.40 ms, found 0 plugins.
Preloading 0 native plugins for Editor in 0.00 ms.
Unloading 1116 Unused Serialized files (Serialized files now loaded: 0)
System memory in use before: 69.0 MB.
System memory in use after: 69.0 MB.

Unloading 10 unused Assets to reduce memory usage. Loaded Objects now: 1573.
Total: 1.673800 ms (FindLiveObjects: 0.146400 ms CreateObjectMapping: 0.054500 ms MarkObjects: 1.395200 ms  DeleteObjects: 0.076200 ms)

========================================================================
Received Import Request.
  path: Assets/Scripts/Oscillator.cs
  artifactKey: Guid(4de41be00a4a11d4e802e8cc588c7734) Importer(815301076,1909f56bfc062723c751e8b465ee728b)
Start importing Assets/Scripts/Oscillator.cs using Guid(4de41be00a4a11d4e802e8cc588c7734) Importer(815301076,1909f56bfc062723c751e8b465ee728b)  -> (artifact id: '37daec37dd53c3f9cac69d05dddce7bc') in 0.049972 seconds
  Import took 0.053232 seconds .

========================================================================
Received Import Request.
  Time since last request: 20.382532 seconds.
  path: Assets/Scripts/Oscillator.cs
  artifactKey: Guid(4de41be00a4a11d4e802e8cc588c7734) Importer(815301076,1909f56bfc062723c751e8b465ee728b)
Start importing Assets/Scripts/Oscillator.cs using Guid(4de41be00a4a11d4e802e8cc588c7734) Importer(815301076,1909f56bfc062723c751e8b465ee728b)  -> (artifact id: '331f4d32faa08ac8cf788d795beaf06f') in 0.005041 seconds
  Import took 0.008315 seconds .

========================================================================
Received Import Request.
  Time since last request: 51.009840 seconds.
  path: Assets/Scripts/Oscillator.cs
  artifactKey: Guid(4de41be00a4a11d4e802e8cc588c7734) Importer(815301076,1909f56bfc062723c751e8b465ee728b)
Start importing Assets/Scripts/Oscillator.cs using Guid(4de41be00a4a11d4e802e8cc588c7734) Importer(815301076,1909f56bfc062723c751e8b465ee728b)  -> (artifact id: '1aa0bcb7919abc6c8a9c9ab387b0e6db') in 0.002227 seconds
  Import took 0.004808 seconds .

========================================================================
Received Import Request.
  Time since last request: 91.038823 seconds.
  path: Assets/Scripts/Oscillator.cs
  artifactKey: Guid(4de41be00a4a11d4e802e8cc588c7734) Importer(815301076,1909f56bfc062723c751e8b465ee728b)
Start importing Assets/Scripts/Oscillator.cs using Guid(4de41be00a4a11d4e802e8cc588c7734) Importer(815301076,1909f56bfc062723c751e8b465ee728b)  -> (artifact id: 'e956c99ae4265fbe9f96037092d96156') in 0.002501 seconds
  Import took 0.005783 seconds .

========================================================================
Received Import Request.
  Time since last request: 5.687851 seconds.
  path: Assets/Scripts/Oscillator.cs
  artifactKey: Guid(4de41be00a4a11d4e802e8cc588c7734) Importer(815301076,1909f56bfc062723c751e8b465ee728b)
Start importing Assets/Scripts/Oscillator.cs using Guid(4de41be00a4a11d4e802e8cc588c7734) Importer(815301076,1909f56bfc062723c751e8b465ee728b)  -> (artifact id: '0b2530d1d43ed85767faa9bfc3f9d14f') in 0.003727 seconds
  Import took 0.008300 seconds .

========================================================================
Received Import Request.
  Time since last request: 15.329817 seconds.
  path: Assets/Scripts/Oscillator.cs
  artifactKey: Guid(4de41be00a4a11d4e802e8cc588c7734) Importer(815301076,1909f56bfc062723c751e8b465ee728b)
Start importing Assets/Scripts/Oscillator.cs using Guid(4de41be00a4a11d4e802e8cc588c7734) Importer(815301076,1909f56bfc062723c751e8b465ee728b)  -> (artifact id: '77a003c7f4f365d63be8a65938bfdd93') in 0.002499 seconds
  Import took 0.018031 seconds .

========================================================================
Received Import Request.
  Time since last request: 11.538493 seconds.
  path: Assets/Scripts/Oscillator.cs
  artifactKey: Guid(4de41be00a4a11d4e802e8cc588c7734) Importer(815301076,1909f56bfc062723c751e8b465ee728b)
Start importing Assets/Scripts/Oscillator.cs using Guid(4de41be00a4a11d4e802e8cc588c7734) Importer(815301076,1909f56bfc062723c751e8b465ee728b)  -> (artifact id: '5ee96210c40bcc00a7eef569757014db') in 0.009951 seconds
  Import took 0.013744 seconds .

========================================================================
Received Import Request.
  Time since last request: 36.361702 seconds.
  path: Assets/Scripts/Oscillator.cs
  artifactKey: Guid(4de41be00a4a11d4e802e8cc588c7734) Importer(815301076,1909f56bfc062723c751e8b465ee728b)
Start importing Assets/Scripts/Oscillator.cs using Guid(4de41be00a4a11d4e802e8cc588c7734) Importer(815301076,1909f56bfc062723c751e8b465ee728b)  -> (artifact id: '89ad43654b285c9c7f3ce41bdc85ad6a') in 0.002789 seconds
  Import took 0.006167 seconds .

========================================================================
Received Import Request.
  Time since last request: 92.395122 seconds.
  path: Assets/Scripts/Oscillator.cs
  artifactKey: Guid(4de41be00a4a11d4e802e8cc588c7734) Importer(815301076,1909f56bfc062723c751e8b465ee728b)
Start importing Assets/Scripts/Oscillator.cs using Guid(4de41be00a4a11d4e802e8cc588c7734) Importer(815301076,1909f56bfc062723c751e8b465ee728b)  -> (artifact id: 'cd90b8d9497dfd71e08264df69470a3b') in 0.002556 seconds
  Import took 0.005740 seconds .

========================================================================
Received Import Request.
  Time since last request: 13.234083 seconds.
  path: Assets/Scripts/Oscillator.cs
  artifactKey: Guid(4de41be00a4a11d4e802e8cc588c7734) Importer(815301076,1909f56bfc062723c751e8b465ee728b)
Start importing Assets/Scripts/Oscillator.cs using Guid(4de41be00a4a11d4e802e8cc588c7734) Importer(815301076,1909f56bfc062723c751e8b465ee728b)  -> (artifact id: '8b684c2e33da6fdd8afd63378eeb3101') in 0.002183 seconds
  Import took 0.004779 seconds .

========================================================================
Received Import Request.
  Time since last request: 1.852470 seconds.
  path: Assets/Scripts/Oscillator.cs
  artifactKey: Guid(4de41be00a4a11d4e802e8cc588c7734) Importer(815301076,1909f56bfc062723c751e8b465ee728b)
Start importing Assets/Scripts/Oscillator.cs using Guid(4de41be00a4a11d4e802e8cc588c7734) Importer(815301076,1909f56bfc062723c751e8b465ee728b)  -> (artifact id: '3263a91c59feaae90516641fb7a07024') in 0.001983 seconds
  Import took 0.006565 seconds .

========================================================================
Received Import Request.
  Time since last request: 3.468848 seconds.
  path: Assets/Scripts/Oscillator.cs
  artifactKey: Guid(4de41be00a4a11d4e802e8cc588c7734) Importer(815301076,1909f56bfc062723c751e8b465ee728b)
Start importing Assets/Scripts/Oscillator.cs using Guid(4de41be00a4a11d4e802e8cc588c7734) Importer(815301076,1909f56bfc062723c751e8b465ee728b)  -> (artifact id: 'f010f1690706cefc75ec3e08caec3415') in 0.003258 seconds
  Import took 0.007427 seconds .

========================================================================
Received Prepare
Registering precompiled user dll's ...
Registered in 0.000602 seconds.
Begin MonoManager ReloadAssembly
Native extension for WindowsStandalone target not found
Refreshing native plugins compatible for Editor in 0.20 ms, found 0 plugins.
Preloading 0 native plugins for Editor in 0.00 ms.
Invoked RoslynAnalysisRunner static constructor.
RoslynAnalysisRunner will not be running.
RoslynAnalysisRunner has terminated.
Mono: successfully reloaded assembly
- Completed reload, in  0.843 seconds
Platform modules already initialized, skipping
Refreshing native plugins compatible for Editor in 0.18 ms, found 0 plugins.
Preloading 0 native plugins for Editor in 0.00 ms.
Unloading 1111 Unused Serialized files (Serialized files now loaded: 0)
System memory in use before: 69.0 MB.
System memory in use after: 69.0 MB.

Unloading 5 unused Assets to reduce memory usage. Loaded Objects now: 1576.
Total: 1.634200 ms (FindLiveObjects: 0.138600 ms CreateObjectMapping: 0.033700 ms MarkObjects: 1.404200 ms  DeleteObjects: 0.056800 ms)

========================================================================
Received Prepare
Registering precompiled user dll's ...
Registered in 0.000582 seconds.
Begin MonoManager ReloadAssembly
Native extension for WindowsStandalone target not found
Refreshing native plugins compatible for Editor in 0.19 ms, found 0 plugins.
Preloading 0 native plugins for Editor in 0.00 ms.
Invoked RoslynAnalysisRunner static constructor.
RoslynAnalysisRunner will not be running.
RoslynAnalysisRunner has terminated.
Mono: successfully reloaded assembly
- Completed reload, in  0.774 seconds
Platform modules already initialized, skipping
Refreshing native plugins compatible for Editor in 0.19 ms, found 0 plugins.
Preloading 0 native plugins for Editor in 0.00 ms.
Unloading 1111 Unused Serialized files (Serialized files now loaded: 0)
System memory in use before: 69.0 MB.
System memory in use after: 69.0 MB.

Unloading 5 unused Assets to reduce memory usage. Loaded Objects now: 1579.
Total: 2.209300 ms (FindLiveObjects: 0.165000 ms CreateObjectMapping: 0.049400 ms MarkObjects: 1.916700 ms  DeleteObjects: 0.076800 ms)

========================================================================
Received Prepare
Registering precompiled user dll's ...
Registered in 0.000629 seconds.
Begin MonoManager ReloadAssembly
Native extension for WindowsStandalone target not found
Refreshing native plugins compatible for Editor in 0.19 ms, found 0 plugins.
Preloading 0 native plugins for Editor in 0.00 ms.
Invoked RoslynAnalysisRunner static constructor.
RoslynAnalysisRunner will not be running.
RoslynAnalysisRunner has terminated.
Mono: successfully reloaded assembly
- Completed reload, in  0.750 seconds
Platform modules already initialized, skipping
Refreshing native plugins compatible for Editor in 0.19 ms, found 0 plugins.
Preloading 0 native plugins for Editor in 0.00 ms.
Unloading 1111 Unused Serialized files (Serialized files now loaded: 0)
System memory in use before: 69.0 MB.
System memory in use after: 69.0 MB.

Unloading 5 unused Assets to reduce memory usage. Loaded Objects now: 1582.
Total: 1.897100 ms (FindLiveObjects: 0.181700 ms CreateObjectMapping: 0.043200 ms MarkObjects: 1.610600 ms  DeleteObjects: 0.059900 ms)

========================================================================
Received Prepare
Registering precompiled user dll's ...
Registered in 0.000683 seconds.
Begin MonoManager ReloadAssembly
Native extension for WindowsStandalone target not found
Refreshing native plugins compatible for Editor in 0.38 ms, found 0 plugins.
Preloading 0 native plugins for Editor in 0.00 ms.
Invoked RoslynAnalysisRunner static constructor.
RoslynAnalysisRunner will not be running.
RoslynAnalysisRunner has terminated.
Mono: successfully reloaded assembly
- Completed reload, in  0.972 seconds
Platform modules already initialized, skipping
Refreshing native plugins compatible for Editor in 0.45 ms, found 0 plugins.
Preloading 0 native plugins for Editor in 0.00 ms.
Unloading 1111 Unused Serialized files (Serialized files now loaded: 0)
System memory in use before: 69.0 MB.
System memory in use after: 69.1 MB.

Unloading 5 unused Assets to reduce memory usage. Loaded Objects now: 1585.
Total: 2.174200 ms (FindLiveObjects: 0.237100 ms CreateObjectMapping: 0.140500 ms MarkObjects: 1.724700 ms  DeleteObjects: 0.070700 ms)

========================================================================
Received Prepare
Registering precompiled user dll's ...
Registered in 0.001183 seconds.
Begin MonoManager ReloadAssembly
Native extension for WindowsStandalone target not found
Refreshing native plugins compatible for Editor in 0.29 ms, found 0 plugins.
Preloading 0 native plugins for Editor in 0.00 ms.
Invoked RoslynAnalysisRunner static constructor.
RoslynAnalysisRunner will not be running.
RoslynAnalysisRunner has terminated.
Mono: successfully reloaded assembly
- Completed reload, in  1.312 seconds
Platform modules already initialized, skipping
Refreshing native plugins compatible for Editor in 0.32 ms, found 0 plugins.
Preloading 0 native plugins for Editor in 0.00 ms.
Unloading 1111 Unused Serialized files (Serialized files now loaded: 0)
System memory in use before: 69.0 MB.
System memory in use after: 69.1 MB.

Unloading 5 unused Assets to reduce memory usage. Loaded Objects now: 1588.
Total: 1.942800 ms (FindLiveObjects: 0.170600 ms CreateObjectMapping: 0.044900 ms MarkObjects: 1.613400 ms  DeleteObjects: 0.112100 ms)

========================================================================
Received Prepare
Registering precompiled user dll's ...
Registered in 0.001767 seconds.
Begin MonoManager ReloadAssembly
Native extension for WindowsStandalone target not found
Refreshing native plugins compatible for Editor in 0.20 ms, found 0 plugins.
Preloading 0 native plugins for Editor in 0.00 ms.
Invoked RoslynAnalysisRunner static constructor.
RoslynAnalysisRunner will not be running.
RoslynAnalysisRunner has terminated.
Mono: successfully reloaded assembly
- Completed reload, in  0.956 seconds
Platform modules already initialized, skipping
Refreshing native plugins compatible for Editor in 0.19 ms, found 0 plugins.
Preloading 0 native plugins for Editor in 0.00 ms.
Unloading 1111 Unused Serialized files (Serialized files now loaded: 0)
System memory in use before: 69.0 MB.
System memory in use after: 69.1 MB.

Unloading 5 unused Assets to reduce memory usage. Loaded Objects now: 1591.
Total: 1.562400 ms (FindLiveObjects: 0.129200 ms CreateObjectMapping: 0.033600 ms MarkObjects: 1.342300 ms  DeleteObjects: 0.055700 ms)

========================================================================
Received Prepare
Registering precompiled user dll's ...
Registered in 0.003312 seconds.
Begin MonoManager ReloadAssembly
Native extension for WindowsStandalone target not found
Refreshing native plugins compatible for Editor in 0.42 ms, found 0 plugins.
Preloading 0 native plugins for Editor in 0.00 ms.
Invoked RoslynAnalysisRunner static constructor.
RoslynAnalysisRunner will not be running.
RoslynAnalysisRunner has terminated.
Mono: successfully reloaded assembly
- Completed reload, in  1.652 seconds
Platform modules already initialized, skipping
Refreshing native plugins compatible for Editor in 0.28 ms, found 0 plugins.
Preloading 0 native plugins for Editor in 0.00 ms.
Unloading 1111 Unused Serialized files (Serialized files now loaded: 0)
System memory in use before: 69.0 MB.
System memory in use after: 69.1 MB.

Unloading 5 unused Assets to reduce memory usage. Loaded Objects now: 1594.
Total: 1.878000 ms (FindLiveObjects: 0.237900 ms CreateObjectMapping: 0.070000 ms MarkObjects: 1.500900 ms  DeleteObjects: 0.067600 ms)

========================================================================
Received Prepare
Registering precompiled user dll's ...
Registered in 0.000591 seconds.
Begin MonoManager ReloadAssembly
Native extension for WindowsStandalone target not found
Refreshing native plugins compatible for Editor in 0.19 ms, found 0 plugins.
Preloading 0 native plugins for Editor in 0.00 ms.
Invoked RoslynAnalysisRunner static constructor.
RoslynAnalysisRunner will not be running.
RoslynAnalysisRunner has terminated.
Mono: successfully reloaded assembly
- Completed reload, in  0.910 seconds
Platform modules already initialized, skipping
Refreshing native plugins compatible for Editor in 0.23 ms, found 0 plugins.
Preloading 0 native plugins for Editor in 0.00 ms.
Unloading 1111 Unused Serialized files (Serialized files now loaded: 0)
System memory in use before: 69.0 MB.
System memory in use after: 69.1 MB.

Unloading 5 unused Assets to reduce memory usage. Loaded Objects now: 1597.
Total: 1.781500 ms (FindLiveObjects: 0.137600 ms CreateObjectMapping: 0.047800 ms MarkObjects: 1.538700 ms  DeleteObjects: 0.056000 ms)

========================================================================
Received Import Request.
  Time since last request: 2196.911546 seconds.
  path: Assets/Scripts/Oscillator.cs
  artifactKey: Guid(4de41be00a4a11d4e802e8cc588c7734) Importer(815301076,1909f56bfc062723c751e8b465ee728b)
Start importing Assets/Scripts/Oscillator.cs using Guid(4de41be00a4a11d4e802e8cc588c7734) Importer(815301076,1909f56bfc062723c751e8b465ee728b)  -> (artifact id: '0c2134ed84f55ef329965c2ad5dccca0') in 0.009025 seconds
  Import took 0.011586 seconds .

========================================================================
Received Import Request.
  Time since last request: 0.026518 seconds.
  path: Assets/Scripts/Oscillator.cs
  artifactKey: Guid(4de41be00a4a11d4e802e8cc588c7734) Importer(815301076,1909f56bfc062723c751e8b465ee728b)
Start importing Assets/Scripts/Oscillator.cs using Guid(4de41be00a4a11d4e802e8cc588c7734) Importer(815301076,1909f56bfc062723c751e8b465ee728b)  -> (artifact id: '0c2134ed84f55ef329965c2ad5dccca0') in 0.002141 seconds
  Import took 0.005229 seconds .

========================================================================
Received Prepare
Registering precompiled user dll's ...
Registered in 0.000682 seconds.
Begin MonoManager ReloadAssembly
Native extension for WindowsStandalone target not found
Refreshing native plugins compatible for Editor in 0.19 ms, found 0 plugins.
Preloading 0 native plugins for Editor in 0.00 ms.
Invoked RoslynAnalysisRunner static constructor.
RoslynAnalysisRunner will not be running.
RoslynAnalysisRunner has terminated.
Mono: successfully reloaded assembly
- Completed reload, in  0.743 seconds
Platform modules already initialized, skipping
Refreshing native plugins compatible for Editor in 0.19 ms, found 0 plugins.
Preloading 0 native plugins for Editor in 0.00 ms.
Unloading 1111 Unused Serialized files (Serialized files now loaded: 0)
System memory in use before: 69.0 MB.
System memory in use after: 69.1 MB.

Unloading 5 unused Assets to reduce memory usage. Loaded Objects now: 1600.
Total: 2.031700 ms (FindLiveObjects: 0.242900 ms CreateObjectMapping: 0.048700 ms MarkObjects: 1.682000 ms  DeleteObjects: 0.056600 ms)

========================================================================
Received Prepare
Registering precompiled user dll's ...
Registered in 0.000838 seconds.
Begin MonoManager ReloadAssembly
Native extension for WindowsStandalone target not found
Refreshing native plugins compatible for Editor in 0.20 ms, found 0 plugins.
Preloading 0 native plugins for Editor in 0.00 ms.
Invoked RoslynAnalysisRunner static constructor.
RoslynAnalysisRunner will not be running.
RoslynAnalysisRunner has terminated.
Mono: successfully reloaded assembly
- Completed reload, in  0.880 seconds
Platform modules already initialized, skipping
Refreshing native plugins compatible for Editor in 0.25 ms, found 0 plugins.
Preloading 0 native plugins for Editor in 0.00 ms.
Unloading 1111 Unused Serialized files (Serialized files now loaded: 0)
System memory in use before: 69.0 MB.
System memory in use after: 69.1 MB.

Unloading 5 unused Assets to reduce memory usage. Loaded Objects now: 1603.
Total: 1.491100 ms (FindLiveObjects: 0.118800 ms CreateObjectMapping: 0.030200 ms MarkObjects: 1.286300 ms  DeleteObjects: 0.054400 ms)

========================================================================
Received Prepare
Registering precompiled user dll's ...
Registered in 0.000680 seconds.
Begin MonoManager ReloadAssembly
Native extension for WindowsStandalone target not found
Refreshing native plugins compatible for Editor in 0.32 ms, found 0 plugins.
Preloading 0 native plugins for Editor in 0.00 ms.
Invoked RoslynAnalysisRunner static constructor.
RoslynAnalysisRunner will not be running.
RoslynAnalysisRunner has terminated.
Mono: successfully reloaded assembly
- Completed reload, in  1.015 seconds
Platform modules already initialized, skipping
Refreshing native plugins compatible for Editor in 0.32 ms, found 0 plugins.
Preloading 0 native plugins for Editor in 0.00 ms.
Unloading 1111 Unused Serialized files (Serialized files now loaded: 0)
System memory in use before: 69.0 MB.
System memory in use after: 69.1 MB.

Unloading 5 unused Assets to reduce memory usage. Loaded Objects now: 1606.
Total: 3.614400 ms (FindLiveObjects: 0.716800 ms CreateObjectMapping: 0.091400 ms MarkObjects: 2.713000 ms  DeleteObjects: 0.088400 ms)

========================================================================
Received Prepare
Registering precompiled user dll's ...
Registered in 0.000895 seconds.
Begin MonoManager ReloadAssembly
Native extension for WindowsStandalone target not found
Refreshing native plugins compatible for Editor in 0.19 ms, found 0 plugins.
Preloading 0 native plugins for Editor in 0.00 ms.
Invoked RoslynAnalysisRunner static constructor.
RoslynAnalysisRunner will not be running.
RoslynAnalysisRunner has terminated.
Mono: successfully reloaded assembly
- Completed reload, in  0.765 seconds
Platform modules already initialized, skipping
Refreshing native plugins compatible for Editor in 0.19 ms, found 0 plugins.
Preloading 0 native plugins for Editor in 0.00 ms.
Unloading 1111 Unused Serialized files (Serialized files now loaded: 0)
System memory in use before: 69.0 MB.
System memory in use after: 69.1 MB.

Unloading 5 unused Assets to reduce memory usage. Loaded Objects now: 1609.
Total: 1.600800 ms (FindLiveObjects: 0.209000 ms CreateObjectMapping: 0.055200 ms MarkObjects: 1.277000 ms  DeleteObjects: 0.058600 ms)

========================================================================
Received Prepare
Registering precompiled user dll's ...
Registered in 0.000598 seconds.
Begin MonoManager ReloadAssembly
Native extension for WindowsStandalone target not found
Refreshing native plugins compatible for Editor in 0.20 ms, found 0 plugins.
Preloading 0 native plugins for Editor in 0.00 ms.
Invoked RoslynAnalysisRunner static constructor.
RoslynAnalysisRunner will not be running.
RoslynAnalysisRunner has terminated.
Mono: successfully reloaded assembly
- Completed reload, in  0.777 seconds
Platform modules already initialized, skipping
Refreshing native plugins compatible for Editor in 0.28 ms, found 0 plugins.
Preloading 0 native plugins for Editor in 0.00 ms.
Unloading 1111 Unused Serialized files (Serialized files now loaded: 0)
System memory in use before: 69.0 MB.
System memory in use after: 69.1 MB.

Unloading 5 unused Assets to reduce memory usage. Loaded Objects now: 1612.
Total: 2.043000 ms (FindLiveObjects: 0.330200 ms CreateObjectMapping: 0.061300 ms MarkObjects: 1.590700 ms  DeleteObjects: 0.058700 ms)

========================================================================
Received Import Request.
  Time since last request: 657.908573 seconds.
  path: Assets/Prefabs/Directional Light.prefab
  artifactKey: Guid(53324bc426e012f47a387aee6b3a1e0e) Importer(815301076,1909f56bfc062723c751e8b465ee728b)
Start importing Assets/Prefabs/Directional Light.prefab using Guid(53324bc426e012f47a387aee6b3a1e0e) Importer(815301076,1909f56bfc062723c751e8b465ee728b)  -> (artifact id: '795e8116529d6af68111e2f70cdf1771') in 0.033876 seconds
  Import took 0.036306 seconds .

========================================================================
Received Import Request.
  Time since last request: 0.018598 seconds.
  path: Assets/Prefabs/Directional Light.prefab
  artifactKey: Guid(53324bc426e012f47a387aee6b3a1e0e) Importer(815301076,1909f56bfc062723c751e8b465ee728b)
Start importing Assets/Prefabs/Directional Light.prefab using Guid(53324bc426e012f47a387aee6b3a1e0e) Importer(815301076,1909f56bfc062723c751e8b465ee728b)  -> (artifact id: '795e8116529d6af68111e2f70cdf1771') in 0.004827 seconds
  Import took 0.007199 seconds .

========================================================================
Received Import Request.
  Time since last request: 3.310521 seconds.
  path: Assets/Prefabs/Main Camera.prefab
  artifactKey: Guid(936bc3a84724a4145b3bd9ba095c478e) Importer(815301076,1909f56bfc062723c751e8b465ee728b)
Start importing Assets/Prefabs/Main Camera.prefab using Guid(936bc3a84724a4145b3bd9ba095c478e) Importer(815301076,1909f56bfc062723c751e8b465ee728b)  -> (artifact id: '7ee1307f8dfe70a9550193ccff7cce71') in 0.009307 seconds
  Import took 0.011995 seconds .

========================================================================
Received Import Request.
  Time since last request: 0.009773 seconds.
  path: Assets/Prefabs/Main Camera.prefab
  artifactKey: Guid(936bc3a84724a4145b3bd9ba095c478e) Importer(815301076,1909f56bfc062723c751e8b465ee728b)
Start importing Assets/Prefabs/Main Camera.prefab using Guid(936bc3a84724a4145b3bd9ba095c478e) Importer(815301076,1909f56bfc062723c751e8b465ee728b)  -> (artifact id: '7ee1307f8dfe70a9550193ccff7cce71') in 0.003210 seconds
  Import took 0.005078 seconds .

========================================================================
Received Import Request.
  Time since last request: 205.053406 seconds.
  path: Assets/Scenes/ThirdLevel.unity
  artifactKey: Guid(d5f6b54da068bf24caf06e687e5d00d2) Importer(815301076,1909f56bfc062723c751e8b465ee728b)
Start importing Assets/Scenes/ThirdLevel.unity using Guid(d5f6b54da068bf24caf06e687e5d00d2) Importer(815301076,1909f56bfc062723c751e8b465ee728b)  -> (artifact id: '972f30cf8c041c696c128fa713ab30f5') in 0.009629 seconds
  Import took 0.013027 seconds .

========================================================================
Received Import Request.
  Time since last request: 0.953840 seconds.
  path: Assets/Scenes/ThirdLevel 1.unity
  artifactKey: Guid(33cd3124e5839884b8b082273fc505ec) Importer(815301076,1909f56bfc062723c751e8b465ee728b)
Start importing Assets/Scenes/ThirdLevel 1.unity using Guid(33cd3124e5839884b8b082273fc505ec) Importer(815301076,1909f56bfc062723c751e8b465ee728b)  -> (artifact id: '4e5c81dd56cb5abf219d7911b915d115') in 0.007316 seconds
  Import took 0.010171 seconds .

========================================================================
Received Import Request.
  Time since last request: 20.060789 seconds.
  path: Assets/Scenes/FourthLevel.unity
  artifactKey: Guid(33cd3124e5839884b8b082273fc505ec) Importer(815301076,1909f56bfc062723c751e8b465ee728b)
Start importing Assets/Scenes/FourthLevel.unity using Guid(33cd3124e5839884b8b082273fc505ec) Importer(815301076,1909f56bfc062723c751e8b465ee728b)  -> (artifact id: 'd585afdd2d55ee1c329087fb57f9eb19') in 0.008557 seconds
  Import took 0.010938 seconds .

========================================================================
Received Prepare
Registering precompiled user dll's ...
Registered in 0.000922 seconds.
Begin MonoManager ReloadAssembly
Native extension for WindowsStandalone target not found
Refreshing native plugins compatible for Editor in 0.19 ms, found 0 plugins.
Preloading 0 native plugins for Editor in 0.00 ms.
Invoked RoslynAnalysisRunner static constructor.
RoslynAnalysisRunner will not be running.
RoslynAnalysisRunner has terminated.
Mono: successfully reloaded assembly
- Completed reload, in  0.723 seconds
Platform modules already initialized, skipping
Refreshing native plugins compatible for Editor in 0.20 ms, found 0 plugins.
Preloading 0 native plugins for Editor in 0.00 ms.
Unloading 1111 Unused Serialized files (Serialized files now loaded: 0)
System memory in use before: 69.1 MB.
System memory in use after: 69.1 MB.

Unloading 5 unused Assets to reduce memory usage. Loaded Objects now: 1615.
Total: 1.785500 ms (FindLiveObjects: 0.333300 ms CreateObjectMapping: 0.041600 ms MarkObjects: 1.337900 ms  DeleteObjects: 0.071500 ms)

========================================================================
Received Import Request.
  Time since last request: 730.262326 seconds.
  path: Assets/Scripts/TimeBlock.cs
  artifactKey: Guid(33f08ad4803176548a9da3c64181f0e4) Importer(815301076,1909f56bfc062723c751e8b465ee728b)
Start importing Assets/Scripts/TimeBlock.cs using Guid(33f08ad4803176548a9da3c64181f0e4) Importer(815301076,1909f56bfc062723c751e8b465ee728b)  -> (artifact id: 'e7bad8a84f973f23fa9d8d4857e2ad3c') in 0.011401 seconds
  Import took 0.014532 seconds .

========================================================================
Received Prepare
Registering precompiled user dll's ...
Registered in 0.000601 seconds.
Begin MonoManager ReloadAssembly
Native extension for WindowsStandalone target not found
Refreshing native plugins compatible for Editor in 0.23 ms, found 0 plugins.
Preloading 0 native plugins for Editor in 0.00 ms.
Invoked RoslynAnalysisRunner static constructor.
RoslynAnalysisRunner will not be running.
RoslynAnalysisRunner has terminated.
Mono: successfully reloaded assembly
- Completed reload, in  0.804 seconds
Platform modules already initialized, skipping
Refreshing native plugins compatible for Editor in 0.19 ms, found 0 plugins.
Preloading 0 native plugins for Editor in 0.00 ms.
Unloading 1112 Unused Serialized files (Serialized files now loaded: 0)
System memory in use before: 69.1 MB.
System memory in use after: 69.2 MB.

Unloading 5 unused Assets to reduce memory usage. Loaded Objects now: 1619.
Total: 1.747000 ms (FindLiveObjects: 0.159800 ms CreateObjectMapping: 0.029300 ms MarkObjects: 1.501600 ms  DeleteObjects: 0.055000 ms)

========================================================================
Received Prepare
Registering precompiled user dll's ...
Registered in 0.000598 seconds.
Begin MonoManager ReloadAssembly
Native extension for WindowsStandalone target not found
Refreshing native plugins compatible for Editor in 0.19 ms, found 0 plugins.
Preloading 0 native plugins for Editor in 0.00 ms.
Invoked RoslynAnalysisRunner static constructor.
RoslynAnalysisRunner will not be running.
RoslynAnalysisRunner has terminated.
Mono: successfully reloaded assembly
- Completed reload, in  0.732 seconds
Platform modules already initialized, skipping
Refreshing native plugins compatible for Editor in 0.19 ms, found 0 plugins.
Preloading 0 native plugins for Editor in 0.00 ms.
Unloading 1112 Unused Serialized files (Serialized files now loaded: 0)
System memory in use before: 69.1 MB.
System memory in use after: 69.2 MB.

Unloading 5 unused Assets to reduce memory usage. Loaded Objects now: 1622.
Total: 1.631100 ms (FindLiveObjects: 0.158600 ms CreateObjectMapping: 0.046700 ms MarkObjects: 1.368000 ms  DeleteObjects: 0.055900 ms)

========================================================================
Received Import Request.
  Time since last request: 437.848540 seconds.
  path: Assets/Scenes/ThirdLevel.unity
  artifactKey: Guid(d5f6b54da068bf24caf06e687e5d00d2) Importer(815301076,1909f56bfc062723c751e8b465ee728b)
Start importing Assets/Scenes/ThirdLevel.unity using Guid(d5f6b54da068bf24caf06e687e5d00d2) Importer(815301076,1909f56bfc062723c751e8b465ee728b)  -> (artifact id: '3e651400c2c8da81b5b42e8e05e3d0b4') in 0.012233 seconds
  Import took 0.015238 seconds .

========================================================================
Received Import Request.
  Time since last request: 14.574909 seconds.
  path: Assets/Scenes/FourthLevel.unity
  artifactKey: Guid(33cd3124e5839884b8b082273fc505ec) Importer(815301076,1909f56bfc062723c751e8b465ee728b)
Start importing Assets/Scenes/FourthLevel.unity using Guid(33cd3124e5839884b8b082273fc505ec) Importer(815301076,1909f56bfc062723c751e8b465ee728b)  -> (artifact id: '9799f0637b157c0740b63a6030a3a078') in 0.002697 seconds
  Import took 0.005785 seconds .

========================================================================
Received Prepare
Registering precompiled user dll's ...
Registered in 0.000554 seconds.
Begin MonoManager ReloadAssembly
Native extension for WindowsStandalone target not found
Refreshing native plugins compatible for Editor in 0.20 ms, found 0 plugins.
Preloading 0 native plugins for Editor in 0.00 ms.
Invoked RoslynAnalysisRunner static constructor.
RoslynAnalysisRunner will not be running.
RoslynAnalysisRunner has terminated.
Mono: successfully reloaded assembly
- Completed reload, in  0.715 seconds
Platform modules already initialized, skipping
Refreshing native plugins compatible for Editor in 0.19 ms, found 0 plugins.
Preloading 0 native plugins for Editor in 0.00 ms.
Unloading 1112 Unused Serialized files (Serialized files now loaded: 0)
System memory in use before: 69.1 MB.
System memory in use after: 69.2 MB.

Unloading 5 unused Assets to reduce memory usage. Loaded Objects now: 1625.
Total: 1.650300 ms (FindLiveObjects: 0.121300 ms CreateObjectMapping: 0.031700 ms MarkObjects: 1.440600 ms  DeleteObjects: 0.055600 ms)

========================================================================
Received Import Request.
  Time since last request: 7.079918 seconds.
  path: Assets/Scenes/ThirdLevel 1.unity
  artifactKey: Guid(611e75d45a8c4bd4b97b48c40d4f95bd) Importer(815301076,1909f56bfc062723c751e8b465ee728b)
Start importing Assets/Scenes/ThirdLevel 1.unity using Guid(611e75d45a8c4bd4b97b48c40d4f95bd) Importer(815301076,1909f56bfc062723c751e8b465ee728b)  -> (artifact id: '6cce64da55c2cbfda4bf05656e2d84e1') in 0.009834 seconds
  Import took 0.013123 seconds .

========================================================================
Received Prepare
Registering precompiled user dll's ...
Registered in 0.000590 seconds.
Begin MonoManager ReloadAssembly
Native extension for WindowsStandalone target not found
Refreshing native plugins compatible for Editor in 0.19 ms, found 0 plugins.
Preloading 0 native plugins for Editor in 0.00 ms.
Invoked RoslynAnalysisRunner static constructor.
RoslynAnalysisRunner will not be running.
RoslynAnalysisRunner has terminated.
Mono: successfully reloaded assembly
- Completed reload, in  0.745 seconds
Platform modules already initialized, skipping
Refreshing native plugins compatible for Editor in 0.19 ms, found 0 plugins.
Preloading 0 native plugins for Editor in 0.00 ms.
Unloading 1112 Unused Serialized files (Serialized files now loaded: 0)
System memory in use before: 69.2 MB.
System memory in use after: 69.2 MB.

Unloading 5 unused Assets to reduce memory usage. Loaded Objects now: 1628.
Total: 1.754600 ms (FindLiveObjects: 0.176100 ms CreateObjectMapping: 0.051200 ms MarkObjects: 1.468700 ms  DeleteObjects: 0.056700 ms)

========================================================================
Received Prepare
Registering precompiled user dll's ...
Registered in 0.000612 seconds.
Begin MonoManager ReloadAssembly
Native extension for WindowsStandalone target not found
Refreshing native plugins compatible for Editor in 0.18 ms, found 0 plugins.
Preloading 0 native plugins for Editor in 0.00 ms.
Invoked RoslynAnalysisRunner static constructor.
RoslynAnalysisRunner will not be running.
RoslynAnalysisRunner has terminated.
Mono: successfully reloaded assembly
- Completed reload, in  0.801 seconds
Platform modules already initialized, skipping
Refreshing native plugins compatible for Editor in 0.20 ms, found 0 plugins.
Preloading 0 native plugins for Editor in 0.00 ms.
Unloading 1112 Unused Serialized files (Serialized files now loaded: 0)
System memory in use before: 69.2 MB.
System memory in use after: 69.2 MB.

Unloading 5 unused Assets to reduce memory usage. Loaded Objects now: 1631.
Total: 2.465800 ms (FindLiveObjects: 0.226000 ms CreateObjectMapping: 0.088500 ms MarkObjects: 2.071200 ms  DeleteObjects: 0.078300 ms)

========================================================================
Received Prepare
Registering precompiled user dll's ...
Registered in 0.000622 seconds.
Begin MonoManager ReloadAssembly
Native extension for WindowsStandalone target not found
Refreshing native plugins compatible for Editor in 0.19 ms, found 0 plugins.
Preloading 0 native plugins for Editor in 0.00 ms.
Invoked RoslynAnalysisRunner static constructor.
RoslynAnalysisRunner will not be running.
RoslynAnalysisRunner has terminated.
Mono: successfully reloaded assembly
- Completed reload, in  0.740 seconds
Platform modules already initialized, skipping
Refreshing native plugins compatible for Editor in 0.19 ms, found 0 plugins.
Preloading 0 native plugins for Editor in 0.00 ms.
Unloading 1112 Unused Serialized files (Serialized files now loaded: 0)
System memory in use before: 69.2 MB.
System memory in use after: 69.2 MB.

Unloading 5 unused Assets to reduce memory usage. Loaded Objects now: 1634.
Total: 2.959800 ms (FindLiveObjects: 0.230100 ms CreateObjectMapping: 0.124600 ms MarkObjects: 2.508700 ms  DeleteObjects: 0.094800 ms)

========================================================================
Received Import Request.
  Time since last request: 774.897334 seconds.
  path: Assets/Scenes/ThirdLevel 1.unity
  artifactKey: Guid(611e75d45a8c4bd4b97b48c40d4f95bd) Importer(815301076,1909f56bfc062723c751e8b465ee728b)
Start importing Assets/Scenes/ThirdLevel 1.unity using Guid(611e75d45a8c4bd4b97b48c40d4f95bd) Importer(815301076,1909f56bfc062723c751e8b465ee728b)  -> (artifact id: '08b4a143d00cacf7e325b4cd9889108c') in 0.010442 seconds
  Import took 0.012836 seconds .

========================================================================
Received Import Request.
  Time since last request: 12.934162 seconds.
  path: Assets/Scenes/FirstLevel.unity
  artifactKey: Guid(611e75d45a8c4bd4b97b48c40d4f95bd) Importer(815301076,1909f56bfc062723c751e8b465ee728b)
Start importing Assets/Scenes/FirstLevel.unity using Guid(611e75d45a8c4bd4b97b48c40d4f95bd) Importer(815301076,1909f56bfc062723c751e8b465ee728b)  -> (artifact id: '79833b7124fa5c62f21b6dad637459c1') in 0.007184 seconds
  Import took 0.009177 seconds .

========================================================================
Received Import Request.
  Time since last request: 20.728222 seconds.
  path: Assets/Scenes/SecondLevel.unity
  artifactKey: Guid(9fc0d4010bbf28b4594072e72b8655ab) Importer(815301076,1909f56bfc062723c751e8b465ee728b)
Start importing Assets/Scenes/SecondLevel.unity using Guid(9fc0d4010bbf28b4594072e72b8655ab) Importer(815301076,1909f56bfc062723c751e8b465ee728b)  -> (artifact id: '4d959e861fb9c49036cc706982f9ae2d') in 0.008399 seconds
  Import took 0.010699 seconds .

========================================================================
Received Prepare
Registering precompiled user dll's ...
Registered in 0.000668 seconds.
Begin MonoManager ReloadAssembly
Native extension for WindowsStandalone target not found
Refreshing native plugins compatible for Editor in 0.35 ms, found 0 plugins.
Preloading 0 native plugins for Editor in 0.00 ms.
Invoked RoslynAnalysisRunner static constructor.
RoslynAnalysisRunner will not be running.
RoslynAnalysisRunner has terminated.
Mono: successfully reloaded assembly
- Completed reload, in  1.155 seconds
Platform modules already initialized, skipping
Refreshing native plugins compatible for Editor in 0.21 ms, found 0 plugins.
Preloading 0 native plugins for Editor in 0.00 ms.
Unloading 1112 Unused Serialized files (Serialized files now loaded: 0)
System memory in use before: 69.2 MB.
System memory in use after: 69.3 MB.

Unloading 5 unused Assets to reduce memory usage. Loaded Objects now: 1637.
Total: 1.891400 ms (FindLiveObjects: 0.352000 ms CreateObjectMapping: 0.067600 ms MarkObjects: 1.402400 ms  DeleteObjects: 0.067900 ms)

========================================================================
Received Import Request.
  Time since last request: 385.306836 seconds.
  path: Assets/Scenes/FİfthLevel.unity
  artifactKey: Guid(33cd3124e5839884b8b082273fc505ec) Importer(815301076,1909f56bfc062723c751e8b465ee728b)
Start importing Assets/Scenes/FİfthLevel.unity using Guid(33cd3124e5839884b8b082273fc505ec) Importer(815301076,1909f56bfc062723c751e8b465ee728b)  -> (artifact id: 'abcd54f7533a709ba080b153bf6e9126') in 0.017436 seconds
  Import took 0.021739 seconds .

========================================================================
Received Import Request.
  Time since last request: 42.842447 seconds.
  path: Assets/Scenes/FİfthLevel 1.unity
  artifactKey: Guid(1a6ccf28b8ece2d45a072c2b7590b011) Importer(815301076,1909f56bfc062723c751e8b465ee728b)
Start importing Assets/Scenes/FİfthLevel 1.unity using Guid(1a6ccf28b8ece2d45a072c2b7590b011) Importer(815301076,1909f56bfc062723c751e8b465ee728b)  -> (artifact id: '5e9443c6801e1af13c7df366843ad746') in 0.007211 seconds
  Import took 0.009133 seconds .

========================================================================
Received Import Request.
  Time since last request: 5.333116 seconds.
  path: Assets/Scenes/FourthLevel.unity
  artifactKey: Guid(1a6ccf28b8ece2d45a072c2b7590b011) Importer(815301076,1909f56bfc062723c751e8b465ee728b)
Start importing Assets/Scenes/FourthLevel.unity using Guid(1a6ccf28b8ece2d45a072c2b7590b011) Importer(815301076,1909f56bfc062723c751e8b465ee728b)  -> (artifact id: '45f516640ecb7dea8364f6cea62561fc') in 0.004768 seconds
  Import took 0.007370 seconds .

========================================================================
Received Prepare
Registering precompiled user dll's ...
Registered in 0.000610 seconds.
Begin MonoManager ReloadAssembly
Native extension for WindowsStandalone target not found
Refreshing native plugins compatible for Editor in 0.19 ms, found 0 plugins.
Preloading 0 native plugins for Editor in 0.00 ms.
Invoked RoslynAnalysisRunner static constructor.
RoslynAnalysisRunner will not be running.
RoslynAnalysisRunner has terminated.
Mono: successfully reloaded assembly
- Completed reload, in  0.724 seconds
Platform modules already initialized, skipping
Refreshing native plugins compatible for Editor in 0.20 ms, found 0 plugins.
Preloading 0 native plugins for Editor in 0.00 ms.
Unloading 1112 Unused Serialized files (Serialized files now loaded: 0)
System memory in use before: 69.2 MB.
System memory in use after: 69.3 MB.

Unloading 5 unused Assets to reduce memory usage. Loaded Objects now: 1640.
Total: 1.967800 ms (FindLiveObjects: 0.142300 ms CreateObjectMapping: 0.054800 ms MarkObjects: 1.713800 ms  DeleteObjects: 0.055800 ms)

========================================================================
Received Import Request.
  Time since last request: 330.242088 seconds.
  path: Assets/Materials/Episode.mat
  artifactKey: Guid(f58d8f5f55f01d74d9e31b9968f07dbf) Importer(815301076,1909f56bfc062723c751e8b465ee728b)
Start importing Assets/Materials/Episode.mat using Guid(f58d8f5f55f01d74d9e31b9968f07dbf) Importer(815301076,1909f56bfc062723c751e8b465ee728b)  -> (artifact id: '6be68e1a8bce0bcb6ddbcda7ca4a0c94') in 0.108646 seconds
  Import took 0.110578 seconds .

========================================================================
Received Prepare
Registering precompiled user dll's ...
Registered in 0.000666 seconds.
Begin MonoManager ReloadAssembly
Native extension for WindowsStandalone target not found
Refreshing native plugins compatible for Editor in 0.32 ms, found 0 plugins.
Preloading 0 native plugins for Editor in 0.00 ms.
Invoked RoslynAnalysisRunner static constructor.
RoslynAnalysisRunner will not be running.
RoslynAnalysisRunner has terminated.
Mono: successfully reloaded assembly
- Completed reload, in  0.910 seconds
Platform modules already initialized, skipping
Refreshing native plugins compatible for Editor in 0.22 ms, found 0 plugins.
Preloading 0 native plugins for Editor in 0.00 ms.
Unloading 1111 Unused Serialized files (Serialized files now loaded: 0)
System memory in use before: 72.5 MB.
System memory in use after: 72.6 MB.

Unloading 6 unused Assets to reduce memory usage. Loaded Objects now: 1682.
Total: 1.948700 ms (FindLiveObjects: 0.193500 ms CreateObjectMapping: 0.053400 ms MarkObjects: 1.625300 ms  DeleteObjects: 0.075300 ms)

========================================================================
Received Prepare
Registering precompiled user dll's ...
Registered in 0.000844 seconds.
Begin MonoManager ReloadAssembly
Native extension for WindowsStandalone target not found
Refreshing native plugins compatible for Editor in 0.19 ms, found 0 plugins.
Preloading 0 native plugins for Editor in 0.00 ms.
Invoked RoslynAnalysisRunner static constructor.
RoslynAnalysisRunner will not be running.
RoslynAnalysisRunner has terminated.
Mono: successfully reloaded assembly
- Completed reload, in  0.783 seconds
Platform modules already initialized, skipping
Refreshing native plugins compatible for Editor in 0.26 ms, found 0 plugins.
Preloading 0 native plugins for Editor in 0.00 ms.
Unloading 1111 Unused Serialized files (Serialized files now loaded: 0)
System memory in use before: 72.5 MB.
System memory in use after: 72.6 MB.

Unloading 5 unused Assets to reduce memory usage. Loaded Objects now: 1685.
Total: 2.342600 ms (FindLiveObjects: 0.277000 ms CreateObjectMapping: 0.041800 ms MarkObjects: 1.965800 ms  DeleteObjects: 0.056600 ms)

========================================================================
Received Prepare
Registering precompiled user dll's ...
Registered in 0.000787 seconds.
Begin MonoManager ReloadAssembly
Native extension for WindowsStandalone target not found
Refreshing native plugins compatible for Editor in 0.18 ms, found 0 plugins.
Preloading 0 native plugins for Editor in 0.00 ms.
Invoked RoslynAnalysisRunner static constructor.
RoslynAnalysisRunner will not be running.
RoslynAnalysisRunner has terminated.
Mono: successfully reloaded assembly
- Completed reload, in  0.721 seconds
Platform modules already initialized, skipping
Refreshing native plugins compatible for Editor in 0.18 ms, found 0 plugins.
Preloading 0 native plugins for Editor in 0.00 ms.
Unloading 1111 Unused Serialized files (Serialized files now loaded: 0)
System memory in use before: 72.5 MB.
System memory in use after: 72.6 MB.

Unloading 5 unused Assets to reduce memory usage. Loaded Objects now: 1688.
Total: 2.189900 ms (FindLiveObjects: 0.185700 ms CreateObjectMapping: 0.043200 ms MarkObjects: 1.888100 ms  DeleteObjects: 0.071200 ms)

========================================================================
Received Prepare
Registering precompiled user dll's ...
Registered in 0.000706 seconds.
Begin MonoManager ReloadAssembly
Native extension for WindowsStandalone target not found
Refreshing native plugins compatible for Editor in 0.19 ms, found 0 plugins.
Preloading 0 native plugins for Editor in 0.00 ms.
Invoked RoslynAnalysisRunner static constructor.
RoslynAnalysisRunner will not be running.
RoslynAnalysisRunner has terminated.
Mono: successfully reloaded assembly
- Completed reload, in  0.719 seconds
Platform modules already initialized, skipping
Refreshing native plugins compatible for Editor in 0.19 ms, found 0 plugins.
Preloading 0 native plugins for Editor in 0.00 ms.
Unloading 1111 Unused Serialized files (Serialized files now loaded: 0)
System memory in use before: 72.5 MB.
System memory in use after: 72.6 MB.

Unloading 5 unused Assets to reduce memory usage. Loaded Objects now: 1691.
Total: 1.963200 ms (FindLiveObjects: 0.227300 ms CreateObjectMapping: 0.059100 ms MarkObjects: 1.615900 ms  DeleteObjects: 0.059600 ms)

========================================================================
Received Prepare
Registering precompiled user dll's ...
Registered in 0.000855 seconds.
Begin MonoManager ReloadAssembly
Native extension for WindowsStandalone target not found
Refreshing native plugins compatible for Editor in 0.18 ms, found 0 plugins.
Preloading 0 native plugins for Editor in 0.00 ms.
Invoked RoslynAnalysisRunner static constructor.
RoslynAnalysisRunner will not be running.
RoslynAnalysisRunner has terminated.
Mono: successfully reloaded assembly
- Completed reload, in  0.706 seconds
Platform modules already initialized, skipping
Refreshing native plugins compatible for Editor in 0.18 ms, found 0 plugins.
Preloading 0 native plugins for Editor in 0.00 ms.
Unloading 1111 Unused Serialized files (Serialized files now loaded: 0)
System memory in use before: 72.5 MB.
System memory in use after: 72.6 MB.

Unloading 5 unused Assets to reduce memory usage. Loaded Objects now: 1694.
Total: 1.729000 ms (FindLiveObjects: 0.127700 ms CreateObjectMapping: 0.032300 ms MarkObjects: 1.515600 ms  DeleteObjects: 0.052300 ms)

AssetImportWorkerClient::OnTransportError - code=2 error=End of file
